<?xml version="1.0" encoding="UTF-8"?>
<!-- Generated by org.testng.reporters.JUnitReportReporter -->
<testsuite skipped="0" hostname="rodrigo-Satellite-P875" name="automationExam.tests.EbayTest" tests="1" failures="0" timestamp="21 ene 2019 23:16:13 GMT" time="20.247" errors="0">
  <testcase name="pumaShoesFiltering" time="20.247" classname="automationExam.tests.EbayTest"/>
</testsuite> <!-- automationExam.tests.EbayTest -->
