<?xml version="1.0" encoding="UTF-8"?>
<!-- Generated by org.testng.reporters.JUnitReportReporter -->
<testsuite skipped="0" hostname="DESKTOP-56MSTDM" name="automationExam.tests.EbayTest" tests="1" failures="0" timestamp="18 ene 2019 10:44:05 GMT" time="16.730" errors="0">
  <testcase name="pumaShoesFiltering" time="16.730" classname="automationExam.tests.EbayTest"/>
</testsuite> <!-- automationExam.tests.EbayTest -->
