<?xml version="1.0" encoding="UTF-8"?>
<!-- Generated by org.testng.reporters.JUnitReportReporter -->
<testsuite skipped="0" hostname="DESKTOP-56MSTDM" name="automationExam.tests.EbayTests" tests="1" failures="0" timestamp="17 ene 2019 08:25:12 GMT" time="55.344" errors="0">
  <testcase name="pumaShoesFiltering" time="55.344" classname="automationExam.tests.EbayTests"/>
</testsuite> <!-- automationExam.tests.EbayTests -->
