<?xml version="1.0" encoding="UTF-8"?>
<!-- Generated by org.testng.reporters.JUnitReportReporter -->
<testsuite skipped="0" hostname="rodrigo-Satellite-P875" name="automationExam.tests.EbayTest" tests="1" failures="0" timestamp="21 ene 2019 23:27:22 GMT" time="18.968" errors="0">
  <testcase name="pumaShoesFiltering" time="18.968" classname="automationExam.tests.EbayTest"/>
</testsuite> <!-- automationExam.tests.EbayTest -->
