<?xml version="1.0" encoding="UTF-8"?>
<!-- Generated by org.testng.reporters.JUnitReportReporter -->
<testsuite skipped="0" hostname="rodrigo-Satellite-P875" name="automationExam.tests.EbayTest" tests="1" failures="0" timestamp="22 ene 2019 00:02:42 GMT" time="17.912" errors="0">
  <testcase name="pumaShoesFiltering" time="17.912" classname="automationExam.tests.EbayTest"/>
</testsuite> <!-- automationExam.tests.EbayTest -->
